SF:lib/src/shared_preference.dart
DA:34,1
DA:35,2
DA:48,1
DA:52,0
DA:53,0
DA:70,1
DA:72,1
DA:73,2
DA:74,2
DA:75,2
DA:76,2
DA:77,2
DA:78,2
DA:79,2
DA:80,2
DA:81,2
DA:82,2
DA:83,3
DA:84,2
DA:85,1
DA:86,2
DA:87,3
DA:89,2
DA:109,1
DA:111,1
DA:112,1
DA:113,1
DA:114,1
DA:115,1
DA:116,1
DA:117,1
DA:118,1
DA:119,1
DA:120,1
DA:121,1
DA:122,1
DA:123,1
DA:125,2
DA:126,1
DA:127,1
DA:129,2
LF:41
LH:39
end_of_record
SF:lib/src/interpreter.dart
DA:45,1
DA:50,1
DA:51,1
DA:52,2
DA:53,2
DA:54,1
DA:55,1
DA:66,1
DA:67,3
DA:70,1
DA:71,4
DA:73,1
DA:76,2
DA:84,1
DA:86,4
DA:100,1
DA:101,2
DA:102,3
DA:103,1
DA:104,2
DA:105,9
DA:107,1
DA:109,3
DA:110,2
DA:113,0
DA:132,1
DA:133,1
DA:134,2
DA:135,1
DA:136,1
DA:137,2
DA:138,2
DA:149,4
DA:152,4
DA:155,4
DA:158,4
LF:36
LH:35
end_of_record
